<?xml version="1.0" encoding="UTF-8"?>
<!-- Generated by org.testng.reporters.JUnitXMLReporter -->
<testsuite ignored="0" hostname="LAPTOP-8UKHKL7O" failures="0" tests="4" name="Default test" time="29.233" errors="0" timestamp="2024-05-28T18:09:12 IST">
  <testcase classname="com.tutorialsninja.qa.LoginTest" name="loginWithBlankCredentials" time="0.567"/>
  <testcase classname="com.tutorialsninja.qa.LoginTest" name="loginWithInvalidCredentials" time="0.936"/>
  <testcase classname="com.tutorialsninja.qa.LoginTest" name="loginWithValidcredentials" time="0.709"/>
  <testcase classname="com.tutorialsninja.qa.LoginTest" name="verifyForgotPassword" time="1.452"/>
</testsuite> <!-- Default test -->
