<?xml version="1.0" encoding="UTF-8"?>
<testng-results ignored="0" total="4" passed="4" failed="0" skipped="0">
  <reporter-output>
  </reporter-output>
  <suite started-at="2024-05-28T18:08:42 IST" name="Default suite" finished-at="2024-05-28T18:09:12 IST" duration-ms="29233">
    <groups>
    </groups>
    <test started-at="2024-05-28T18:08:42 IST" name="Default test" finished-at="2024-05-28T18:09:12 IST" duration-ms="29233">
      <class name="com.tutorialsninja.qa.LoginTest">
        <test-method is-config="true" signature="setup()[pri:0, instance:com.tutorialsninja.qa.LoginTest@795cd85e]" started-at="2024-05-28T18:08:42 IST" name="setup" finished-at="2024-05-28T18:08:57 IST" duration-ms="14267" status="PASS">
          <reporter-output>
          </reporter-output>
        </test-method> <!-- setup -->
        <test-method signature="loginWithBlankCredentials()[pri:0, instance:com.tutorialsninja.qa.LoginTest@795cd85e]" started-at="2024-05-28T18:08:57 IST" name="loginWithBlankCredentials" finished-at="2024-05-28T18:08:57 IST" duration-ms="567" status="PASS">
          <reporter-output>
          </reporter-output>
        </test-method> <!-- loginWithBlankCredentials -->
        <test-method is-config="true" signature="tearDown()[pri:0, instance:com.tutorialsninja.qa.LoginTest@795cd85e]" started-at="2024-05-28T18:08:57 IST" name="tearDown" finished-at="2024-05-28T18:08:57 IST" duration-ms="129" status="PASS">
          <reporter-output>
          </reporter-output>
        </test-method> <!-- tearDown -->
        <test-method is-config="true" signature="setup()[pri:0, instance:com.tutorialsninja.qa.LoginTest@795cd85e]" started-at="2024-05-28T18:08:57 IST" name="setup" finished-at="2024-05-28T18:09:02 IST" duration-ms="4648" status="PASS">
          <reporter-output>
          </reporter-output>
        </test-method> <!-- setup -->
        <test-method signature="loginWithInvalidCredentials()[pri:0, instance:com.tutorialsninja.qa.LoginTest@795cd85e]" started-at="2024-05-28T18:09:02 IST" name="loginWithInvalidCredentials" finished-at="2024-05-28T18:09:03 IST" duration-ms="936" status="PASS">
          <reporter-output>
          </reporter-output>
        </test-method> <!-- loginWithInvalidCredentials -->
        <test-method is-config="true" signature="tearDown()[pri:0, instance:com.tutorialsninja.qa.LoginTest@795cd85e]" started-at="2024-05-28T18:09:03 IST" name="tearDown" finished-at="2024-05-28T18:09:03 IST" duration-ms="155" status="PASS">
          <reporter-output>
          </reporter-output>
        </test-method> <!-- tearDown -->
        <test-method is-config="true" signature="setup()[pri:0, instance:com.tutorialsninja.qa.LoginTest@795cd85e]" started-at="2024-05-28T18:09:03 IST" name="setup" finished-at="2024-05-28T18:09:06 IST" duration-ms="3109" status="PASS">
          <reporter-output>
          </reporter-output>
        </test-method> <!-- setup -->
        <test-method signature="loginWithValidcredentials()[pri:0, instance:com.tutorialsninja.qa.LoginTest@795cd85e]" started-at="2024-05-28T18:09:06 IST" name="loginWithValidcredentials" finished-at="2024-05-28T18:09:07 IST" duration-ms="709" status="PASS">
          <reporter-output>
          </reporter-output>
        </test-method> <!-- loginWithValidcredentials -->
        <test-method is-config="true" signature="tearDown()[pri:0, instance:com.tutorialsninja.qa.LoginTest@795cd85e]" started-at="2024-05-28T18:09:07 IST" name="tearDown" finished-at="2024-05-28T18:09:07 IST" duration-ms="139" status="PASS">
          <reporter-output>
          </reporter-output>
        </test-method> <!-- tearDown -->
        <test-method is-config="true" signature="setup()[pri:0, instance:com.tutorialsninja.qa.LoginTest@795cd85e]" started-at="2024-05-28T18:09:07 IST" name="setup" finished-at="2024-05-28T18:09:10 IST" duration-ms="2972" status="PASS">
          <reporter-output>
          </reporter-output>
        </test-method> <!-- setup -->
        <test-method signature="verifyForgotPassword()[pri:0, instance:com.tutorialsninja.qa.LoginTest@795cd85e]" started-at="2024-05-28T18:09:10 IST" name="verifyForgotPassword" finished-at="2024-05-28T18:09:11 IST" duration-ms="1452" status="PASS">
          <reporter-output>
          </reporter-output>
        </test-method> <!-- verifyForgotPassword -->
        <test-method is-config="true" signature="tearDown()[pri:0, instance:com.tutorialsninja.qa.LoginTest@795cd85e]" started-at="2024-05-28T18:09:11 IST" name="tearDown" finished-at="2024-05-28T18:09:12 IST" duration-ms="129" status="PASS">
          <reporter-output>
          </reporter-output>
        </test-method> <!-- tearDown -->
      </class> <!-- com.tutorialsninja.qa.LoginTest -->
    </test> <!-- Default test -->
  </suite> <!-- Default suite -->
</testng-results>
